<?xml version="1.0" encoding="UTF-8"?>
<testsuite xmlns:xsi="http://www.w3.org/2001/XMLSchema-instance" xsi:noNamespaceSchemaLocation="https://maven.apache.org/surefire/maven-surefire-plugin/xsd/surefire-test-report.xsd" version="3.0.2" name="com.example.atelier_api_sullivan_sextius.service.PlayerServiceTest" time="0.458" tests="30" errors="0" skipped="0" failures="0">
  <properties>
    <property name="java.specification.version" value="17"/>
    <property name="sun.jnu.encoding" value="UTF-8"/>
    <property name="java.class.path" value="/Users/sullivan/Desktop/atelier-api-sse/target/test-classes:/Users/sullivan/Desktop/atelier-api-sse/target/classes:/Users/sullivan/.m2/repository/org/springframework/boot/spring-boot-starter-validation/3.5.4/spring-boot-starter-validation-3.5.4.jar:/Users/sullivan/.m2/repository/org/springframework/boot/spring-boot-starter/3.5.4/spring-boot-starter-3.5.4.jar:/Users/sullivan/.m2/repository/org/springframework/boot/spring-boot-starter-logging/3.5.4/spring-boot-starter-logging-3.5.4.jar:/Users/sullivan/.m2/repository/ch/qos/logback/logback-classic/1.5.18/logback-classic-1.5.18.jar:/Users/sullivan/.m2/repository/ch/qos/logback/logback-core/1.5.18/logback-core-1.5.18.jar:/Users/sullivan/.m2/repository/org/apache/logging/log4j/log4j-to-slf4j/2.24.3/log4j-to-slf4j-2.24.3.jar:/Users/sullivan/.m2/repository/org/apache/logging/log4j/log4j-api/2.24.3/log4j-api-2.24.3.jar:/Users/sullivan/.m2/repository/org/slf4j/jul-to-slf4j/2.0.17/jul-to-slf4j-2.0.17.jar:/Users/sullivan/.m2/repository/jakarta/annotation/jakarta.annotation-api/2.1.1/jakarta.annotation-api-2.1.1.jar:/Users/sullivan/.m2/repository/org/yaml/snakeyaml/2.4/snakeyaml-2.4.jar:/Users/sullivan/.m2/repository/org/apache/tomcat/embed/tomcat-embed-el/10.1.43/tomcat-embed-el-10.1.43.jar:/Users/sullivan/.m2/repository/org/hibernate/validator/hibernate-validator/8.0.2.Final/hibernate-validator-8.0.2.Final.jar:/Users/sullivan/.m2/repository/jakarta/validation/jakarta.validation-api/3.0.2/jakarta.validation-api-3.0.2.jar:/Users/sullivan/.m2/repository/org/jboss/logging/jboss-logging/3.6.1.Final/jboss-logging-3.6.1.Final.jar:/Users/sullivan/.m2/repository/com/fasterxml/classmate/1.7.0/classmate-1.7.0.jar:/Users/sullivan/.m2/repository/org/springframework/boot/spring-boot-starter-web/3.5.4/spring-boot-starter-web-3.5.4.jar:/Users/sullivan/.m2/repository/org/springframework/boot/spring-boot-starter-json/3.5.4/spring-boot-starter-json-3.5.4.jar:/Users/sullivan/.m2/repository/com/fasterxml/jackson/datatype/jackson-datatype-jdk8/2.19.2/jackson-datatype-jdk8-2.19.2.jar:/Users/sullivan/.m2/repository/com/fasterxml/jackson/datatype/jackson-datatype-jsr310/2.19.2/jackson-datatype-jsr310-2.19.2.jar:/Users/sullivan/.m2/repository/com/fasterxml/jackson/module/jackson-module-parameter-names/2.19.2/jackson-module-parameter-names-2.19.2.jar:/Users/sullivan/.m2/repository/org/springframework/boot/spring-boot-starter-tomcat/3.5.4/spring-boot-starter-tomcat-3.5.4.jar:/Users/sullivan/.m2/repository/org/apache/tomcat/embed/tomcat-embed-core/10.1.43/tomcat-embed-core-10.1.43.jar:/Users/sullivan/.m2/repository/org/apache/tomcat/embed/tomcat-embed-websocket/10.1.43/tomcat-embed-websocket-10.1.43.jar:/Users/sullivan/.m2/repository/org/springframework/spring-web/6.2.9/spring-web-6.2.9.jar:/Users/sullivan/.m2/repository/org/springframework/spring-beans/6.2.9/spring-beans-6.2.9.jar:/Users/sullivan/.m2/repository/io/micrometer/micrometer-observation/1.15.2/micrometer-observation-1.15.2.jar:/Users/sullivan/.m2/repository/io/micrometer/micrometer-commons/1.15.2/micrometer-commons-1.15.2.jar:/Users/sullivan/.m2/repository/org/springframework/spring-webmvc/6.2.9/spring-webmvc-6.2.9.jar:/Users/sullivan/.m2/repository/org/springframework/spring-aop/6.2.9/spring-aop-6.2.9.jar:/Users/sullivan/.m2/repository/org/springframework/spring-context/6.2.9/spring-context-6.2.9.jar:/Users/sullivan/.m2/repository/org/springframework/spring-expression/6.2.9/spring-expression-6.2.9.jar:/Users/sullivan/.m2/repository/org/springframework/boot/spring-boot-devtools/3.5.4/spring-boot-devtools-3.5.4.jar:/Users/sullivan/.m2/repository/org/springframework/boot/spring-boot/3.5.4/spring-boot-3.5.4.jar:/Users/sullivan/.m2/repository/org/springframework/boot/spring-boot-autoconfigure/3.5.4/spring-boot-autoconfigure-3.5.4.jar:/Users/sullivan/.m2/repository/org/projectlombok/lombok/1.18.30/lombok-1.18.30.jar:/Users/sullivan/.m2/repository/org/springframework/boot/spring-boot-starter-test/3.5.4/spring-boot-starter-test-3.5.4.jar:/Users/sullivan/.m2/repository/org/springframework/boot/spring-boot-test/3.5.4/spring-boot-test-3.5.4.jar:/Users/sullivan/.m2/repository/org/springframework/boot/spring-boot-test-autoconfigure/3.5.4/spring-boot-test-autoconfigure-3.5.4.jar:/Users/sullivan/.m2/repository/com/jayway/jsonpath/json-path/2.9.0/json-path-2.9.0.jar:/Users/sullivan/.m2/repository/org/slf4j/slf4j-api/2.0.17/slf4j-api-2.0.17.jar:/Users/sullivan/.m2/repository/jakarta/xml/bind/jakarta.xml.bind-api/4.0.2/jakarta.xml.bind-api-4.0.2.jar:/Users/sullivan/.m2/repository/jakarta/activation/jakarta.activation-api/2.1.3/jakarta.activation-api-2.1.3.jar:/Users/sullivan/.m2/repository/net/minidev/json-smart/2.5.2/json-smart-2.5.2.jar:/Users/sullivan/.m2/repository/net/minidev/accessors-smart/2.5.2/accessors-smart-2.5.2.jar:/Users/sullivan/.m2/repository/org/ow2/asm/asm/9.7.1/asm-9.7.1.jar:/Users/sullivan/.m2/repository/org/assertj/assertj-core/3.27.3/assertj-core-3.27.3.jar:/Users/sullivan/.m2/repository/net/bytebuddy/byte-buddy/1.17.6/byte-buddy-1.17.6.jar:/Users/sullivan/.m2/repository/org/awaitility/awaitility/4.2.2/awaitility-4.2.2.jar:/Users/sullivan/.m2/repository/org/hamcrest/hamcrest/3.0/hamcrest-3.0.jar:/Users/sullivan/.m2/repository/org/junit/jupiter/junit-jupiter/5.12.2/junit-jupiter-5.12.2.jar:/Users/sullivan/.m2/repository/org/junit/jupiter/junit-jupiter-api/5.12.2/junit-jupiter-api-5.12.2.jar:/Users/sullivan/.m2/repository/org/opentest4j/opentest4j/1.3.0/opentest4j-1.3.0.jar:/Users/sullivan/.m2/repository/org/junit/platform/junit-platform-commons/1.12.2/junit-platform-commons-1.12.2.jar:/Users/sullivan/.m2/repository/org/apiguardian/apiguardian-api/1.1.2/apiguardian-api-1.1.2.jar:/Users/sullivan/.m2/repository/org/junit/jupiter/junit-jupiter-params/5.12.2/junit-jupiter-params-5.12.2.jar:/Users/sullivan/.m2/repository/org/junit/jupiter/junit-jupiter-engine/5.12.2/junit-jupiter-engine-5.12.2.jar:/Users/sullivan/.m2/repository/org/junit/platform/junit-platform-engine/1.12.2/junit-platform-engine-1.12.2.jar:/Users/sullivan/.m2/repository/org/mockito/mockito-core/5.17.0/mockito-core-5.17.0.jar:/Users/sullivan/.m2/repository/net/bytebuddy/byte-buddy-agent/1.17.6/byte-buddy-agent-1.17.6.jar:/Users/sullivan/.m2/repository/org/objenesis/objenesis/3.3/objenesis-3.3.jar:/Users/sullivan/.m2/repository/org/mockito/mockito-junit-jupiter/5.17.0/mockito-junit-jupiter-5.17.0.jar:/Users/sullivan/.m2/repository/org/skyscreamer/jsonassert/1.5.3/jsonassert-1.5.3.jar:/Users/sullivan/.m2/repository/com/vaadin/external/google/android-json/0.0.20131108.vaadin1/android-json-0.0.20131108.vaadin1.jar:/Users/sullivan/.m2/repository/org/springframework/spring-core/6.2.9/spring-core-6.2.9.jar:/Users/sullivan/.m2/repository/org/springframework/spring-jcl/6.2.9/spring-jcl-6.2.9.jar:/Users/sullivan/.m2/repository/org/springframework/spring-test/6.2.9/spring-test-6.2.9.jar:/Users/sullivan/.m2/repository/org/xmlunit/xmlunit-core/2.10.3/xmlunit-core-2.10.3.jar:/Users/sullivan/.m2/repository/org/springdoc/springdoc-openapi-starter-webmvc-ui/2.8.5/springdoc-openapi-starter-webmvc-ui-2.8.5.jar:/Users/sullivan/.m2/repository/org/springdoc/springdoc-openapi-starter-webmvc-api/2.8.5/springdoc-openapi-starter-webmvc-api-2.8.5.jar:/Users/sullivan/.m2/repository/org/springdoc/springdoc-openapi-starter-common/2.8.5/springdoc-openapi-starter-common-2.8.5.jar:/Users/sullivan/.m2/repository/io/swagger/core/v3/swagger-core-jakarta/2.2.28/swagger-core-jakarta-2.2.28.jar:/Users/sullivan/.m2/repository/org/apache/commons/commons-lang3/3.17.0/commons-lang3-3.17.0.jar:/Users/sullivan/.m2/repository/io/swagger/core/v3/swagger-annotations-jakarta/2.2.28/swagger-annotations-jakarta-2.2.28.jar:/Users/sullivan/.m2/repository/io/swagger/core/v3/swagger-models-jakarta/2.2.28/swagger-models-jakarta-2.2.28.jar:/Users/sullivan/.m2/repository/com/fasterxml/jackson/dataformat/jackson-dataformat-yaml/2.19.2/jackson-dataformat-yaml-2.19.2.jar:/Users/sullivan/.m2/repository/org/webjars/swagger-ui/5.18.3/swagger-ui-5.18.3.jar:/Users/sullivan/.m2/repository/org/webjars/webjars-locator-lite/1.1.0/webjars-locator-lite-1.1.0.jar:/Users/sullivan/.m2/repository/org/jspecify/jspecify/1.0.0/jspecify-1.0.0.jar:/Users/sullivan/.m2/repository/com/fasterxml/jackson/core/jackson-databind/2.19.2/jackson-databind-2.19.2.jar:/Users/sullivan/.m2/repository/com/fasterxml/jackson/core/jackson-annotations/2.19.2/jackson-annotations-2.19.2.jar:/Users/sullivan/.m2/repository/com/fasterxml/jackson/core/jackson-core/2.19.2/jackson-core-2.19.2.jar:"/>
    <property name="java.vm.vendor" value="Eclipse Adoptium"/>
    <property name="sun.arch.data.model" value="64"/>
    <property name="java.vendor.url" value="https://adoptium.net/"/>
    <property name="user.timezone" value="Europe/Paris"/>
    <property name="os.name" value="Mac OS X"/>
    <property name="java.vm.specification.version" value="17"/>
    <property name="sun.java.launcher" value="SUN_STANDARD"/>
    <property name="user.country" value="FR"/>
    <property name="sun.boot.library.path" value="/Users/sullivan/Library/Application Support/Code/User/globalStorage/pleiades.java-extension-pack-jdk/java/17/lib"/>
    <property name="sun.java.command" value="/Users/sullivan/Desktop/atelier-api-sse/target/surefire/surefirebooter-20250812070621938_3.jar /Users/sullivan/Desktop/atelier-api-sse/target/surefire 2025-08-12T07-06-21_893-jvmRun1 surefire-20250812070621938_1tmp surefire_0-20250812070621938_2tmp"/>
    <property name="http.nonProxyHosts" value="local|*.local|169.254/16|*.169.254/16"/>
    <property name="jdk.debug" value="release"/>
    <property name="surefire.test.class.path" value="/Users/sullivan/Desktop/atelier-api-sse/target/test-classes:/Users/sullivan/Desktop/atelier-api-sse/target/classes:/Users/sullivan/.m2/repository/org/springframework/boot/spring-boot-starter-validation/3.5.4/spring-boot-starter-validation-3.5.4.jar:/Users/sullivan/.m2/repository/org/springframework/boot/spring-boot-starter/3.5.4/spring-boot-starter-3.5.4.jar:/Users/sullivan/.m2/repository/org/springframework/boot/spring-boot-starter-logging/3.5.4/spring-boot-starter-logging-3.5.4.jar:/Users/sullivan/.m2/repository/ch/qos/logback/logback-classic/1.5.18/logback-classic-1.5.18.jar:/Users/sullivan/.m2/repository/ch/qos/logback/logback-core/1.5.18/logback-core-1.5.18.jar:/Users/sullivan/.m2/repository/org/apache/logging/log4j/log4j-to-slf4j/2.24.3/log4j-to-slf4j-2.24.3.jar:/Users/sullivan/.m2/repository/org/apache/logging/log4j/log4j-api/2.24.3/log4j-api-2.24.3.jar:/Users/sullivan/.m2/repository/org/slf4j/jul-to-slf4j/2.0.17/jul-to-slf4j-2.0.17.jar:/Users/sullivan/.m2/repository/jakarta/annotation/jakarta.annotation-api/2.1.1/jakarta.annotation-api-2.1.1.jar:/Users/sullivan/.m2/repository/org/yaml/snakeyaml/2.4/snakeyaml-2.4.jar:/Users/sullivan/.m2/repository/org/apache/tomcat/embed/tomcat-embed-el/10.1.43/tomcat-embed-el-10.1.43.jar:/Users/sullivan/.m2/repository/org/hibernate/validator/hibernate-validator/8.0.2.Final/hibernate-validator-8.0.2.Final.jar:/Users/sullivan/.m2/repository/jakarta/validation/jakarta.validation-api/3.0.2/jakarta.validation-api-3.0.2.jar:/Users/sullivan/.m2/repository/org/jboss/logging/jboss-logging/3.6.1.Final/jboss-logging-3.6.1.Final.jar:/Users/sullivan/.m2/repository/com/fasterxml/classmate/1.7.0/classmate-1.7.0.jar:/Users/sullivan/.m2/repository/org/springframework/boot/spring-boot-starter-web/3.5.4/spring-boot-starter-web-3.5.4.jar:/Users/sullivan/.m2/repository/org/springframework/boot/spring-boot-starter-json/3.5.4/spring-boot-starter-json-3.5.4.jar:/Users/sullivan/.m2/repository/com/fasterxml/jackson/datatype/jackson-datatype-jdk8/2.19.2/jackson-datatype-jdk8-2.19.2.jar:/Users/sullivan/.m2/repository/com/fasterxml/jackson/datatype/jackson-datatype-jsr310/2.19.2/jackson-datatype-jsr310-2.19.2.jar:/Users/sullivan/.m2/repository/com/fasterxml/jackson/module/jackson-module-parameter-names/2.19.2/jackson-module-parameter-names-2.19.2.jar:/Users/sullivan/.m2/repository/org/springframework/boot/spring-boot-starter-tomcat/3.5.4/spring-boot-starter-tomcat-3.5.4.jar:/Users/sullivan/.m2/repository/org/apache/tomcat/embed/tomcat-embed-core/10.1.43/tomcat-embed-core-10.1.43.jar:/Users/sullivan/.m2/repository/org/apache/tomcat/embed/tomcat-embed-websocket/10.1.43/tomcat-embed-websocket-10.1.43.jar:/Users/sullivan/.m2/repository/org/springframework/spring-web/6.2.9/spring-web-6.2.9.jar:/Users/sullivan/.m2/repository/org/springframework/spring-beans/6.2.9/spring-beans-6.2.9.jar:/Users/sullivan/.m2/repository/io/micrometer/micrometer-observation/1.15.2/micrometer-observation-1.15.2.jar:/Users/sullivan/.m2/repository/io/micrometer/micrometer-commons/1.15.2/micrometer-commons-1.15.2.jar:/Users/sullivan/.m2/repository/org/springframework/spring-webmvc/6.2.9/spring-webmvc-6.2.9.jar:/Users/sullivan/.m2/repository/org/springframework/spring-aop/6.2.9/spring-aop-6.2.9.jar:/Users/sullivan/.m2/repository/org/springframework/spring-context/6.2.9/spring-context-6.2.9.jar:/Users/sullivan/.m2/repository/org/springframework/spring-expression/6.2.9/spring-expression-6.2.9.jar:/Users/sullivan/.m2/repository/org/springframework/boot/spring-boot-devtools/3.5.4/spring-boot-devtools-3.5.4.jar:/Users/sullivan/.m2/repository/org/springframework/boot/spring-boot/3.5.4/spring-boot-3.5.4.jar:/Users/sullivan/.m2/repository/org/springframework/boot/spring-boot-autoconfigure/3.5.4/spring-boot-autoconfigure-3.5.4.jar:/Users/sullivan/.m2/repository/org/projectlombok/lombok/1.18.30/lombok-1.18.30.jar:/Users/sullivan/.m2/repository/org/springframework/boot/spring-boot-starter-test/3.5.4/spring-boot-starter-test-3.5.4.jar:/Users/sullivan/.m2/repository/org/springframework/boot/spring-boot-test/3.5.4/spring-boot-test-3.5.4.jar:/Users/sullivan/.m2/repository/org/springframework/boot/spring-boot-test-autoconfigure/3.5.4/spring-boot-test-autoconfigure-3.5.4.jar:/Users/sullivan/.m2/repository/com/jayway/jsonpath/json-path/2.9.0/json-path-2.9.0.jar:/Users/sullivan/.m2/repository/org/slf4j/slf4j-api/2.0.17/slf4j-api-2.0.17.jar:/Users/sullivan/.m2/repository/jakarta/xml/bind/jakarta.xml.bind-api/4.0.2/jakarta.xml.bind-api-4.0.2.jar:/Users/sullivan/.m2/repository/jakarta/activation/jakarta.activation-api/2.1.3/jakarta.activation-api-2.1.3.jar:/Users/sullivan/.m2/repository/net/minidev/json-smart/2.5.2/json-smart-2.5.2.jar:/Users/sullivan/.m2/repository/net/minidev/accessors-smart/2.5.2/accessors-smart-2.5.2.jar:/Users/sullivan/.m2/repository/org/ow2/asm/asm/9.7.1/asm-9.7.1.jar:/Users/sullivan/.m2/repository/org/assertj/assertj-core/3.27.3/assertj-core-3.27.3.jar:/Users/sullivan/.m2/repository/net/bytebuddy/byte-buddy/1.17.6/byte-buddy-1.17.6.jar:/Users/sullivan/.m2/repository/org/awaitility/awaitility/4.2.2/awaitility-4.2.2.jar:/Users/sullivan/.m2/repository/org/hamcrest/hamcrest/3.0/hamcrest-3.0.jar:/Users/sullivan/.m2/repository/org/junit/jupiter/junit-jupiter/5.12.2/junit-jupiter-5.12.2.jar:/Users/sullivan/.m2/repository/org/junit/jupiter/junit-jupiter-api/5.12.2/junit-jupiter-api-5.12.2.jar:/Users/sullivan/.m2/repository/org/opentest4j/opentest4j/1.3.0/opentest4j-1.3.0.jar:/Users/sullivan/.m2/repository/org/junit/platform/junit-platform-commons/1.12.2/junit-platform-commons-1.12.2.jar:/Users/sullivan/.m2/repository/org/apiguardian/apiguardian-api/1.1.2/apiguardian-api-1.1.2.jar:/Users/sullivan/.m2/repository/org/junit/jupiter/junit-jupiter-params/5.12.2/junit-jupiter-params-5.12.2.jar:/Users/sullivan/.m2/repository/org/junit/jupiter/junit-jupiter-engine/5.12.2/junit-jupiter-engine-5.12.2.jar:/Users/sullivan/.m2/repository/org/junit/platform/junit-platform-engine/1.12.2/junit-platform-engine-1.12.2.jar:/Users/sullivan/.m2/repository/org/mockito/mockito-core/5.17.0/mockito-core-5.17.0.jar:/Users/sullivan/.m2/repository/net/bytebuddy/byte-buddy-agent/1.17.6/byte-buddy-agent-1.17.6.jar:/Users/sullivan/.m2/repository/org/objenesis/objenesis/3.3/objenesis-3.3.jar:/Users/sullivan/.m2/repository/org/mockito/mockito-junit-jupiter/5.17.0/mockito-junit-jupiter-5.17.0.jar:/Users/sullivan/.m2/repository/org/skyscreamer/jsonassert/1.5.3/jsonassert-1.5.3.jar:/Users/sullivan/.m2/repository/com/vaadin/external/google/android-json/0.0.20131108.vaadin1/android-json-0.0.20131108.vaadin1.jar:/Users/sullivan/.m2/repository/org/springframework/spring-core/6.2.9/spring-core-6.2.9.jar:/Users/sullivan/.m2/repository/org/springframework/spring-jcl/6.2.9/spring-jcl-6.2.9.jar:/Users/sullivan/.m2/repository/org/springframework/spring-test/6.2.9/spring-test-6.2.9.jar:/Users/sullivan/.m2/repository/org/xmlunit/xmlunit-core/2.10.3/xmlunit-core-2.10.3.jar:/Users/sullivan/.m2/repository/org/springdoc/springdoc-openapi-starter-webmvc-ui/2.8.5/springdoc-openapi-starter-webmvc-ui-2.8.5.jar:/Users/sullivan/.m2/repository/org/springdoc/springdoc-openapi-starter-webmvc-api/2.8.5/springdoc-openapi-starter-webmvc-api-2.8.5.jar:/Users/sullivan/.m2/repository/org/springdoc/springdoc-openapi-starter-common/2.8.5/springdoc-openapi-starter-common-2.8.5.jar:/Users/sullivan/.m2/repository/io/swagger/core/v3/swagger-core-jakarta/2.2.28/swagger-core-jakarta-2.2.28.jar:/Users/sullivan/.m2/repository/org/apache/commons/commons-lang3/3.17.0/commons-lang3-3.17.0.jar:/Users/sullivan/.m2/repository/io/swagger/core/v3/swagger-annotations-jakarta/2.2.28/swagger-annotations-jakarta-2.2.28.jar:/Users/sullivan/.m2/repository/io/swagger/core/v3/swagger-models-jakarta/2.2.28/swagger-models-jakarta-2.2.28.jar:/Users/sullivan/.m2/repository/com/fasterxml/jackson/dataformat/jackson-dataformat-yaml/2.19.2/jackson-dataformat-yaml-2.19.2.jar:/Users/sullivan/.m2/repository/org/webjars/swagger-ui/5.18.3/swagger-ui-5.18.3.jar:/Users/sullivan/.m2/repository/org/webjars/webjars-locator-lite/1.1.0/webjars-locator-lite-1.1.0.jar:/Users/sullivan/.m2/repository/org/jspecify/jspecify/1.0.0/jspecify-1.0.0.jar:/Users/sullivan/.m2/repository/com/fasterxml/jackson/core/jackson-databind/2.19.2/jackson-databind-2.19.2.jar:/Users/sullivan/.m2/repository/com/fasterxml/jackson/core/jackson-annotations/2.19.2/jackson-annotations-2.19.2.jar:/Users/sullivan/.m2/repository/com/fasterxml/jackson/core/jackson-core/2.19.2/jackson-core-2.19.2.jar:"/>
    <property name="sun.cpu.endian" value="little"/>
    <property name="user.home" value="/Users/sullivan"/>
    <property name="user.language" value="fr"/>
    <property name="java.specification.vendor" value="Oracle Corporation"/>
    <property name="java.version.date" value="2025-07-15"/>
    <property name="java.home" value="/Users/sullivan/Library/Application Support/Code/User/globalStorage/pleiades.java-extension-pack-jdk/java/17"/>
    <property name="file.separator" value="/"/>
    <property name="basedir" value="/Users/sullivan/Desktop/atelier-api-sse"/>
    <property name="java.vm.compressedOopsMode" value="Zero based"/>
    <property name="line.separator" value="&#10;"/>
    <property name="java.vm.specification.vendor" value="Oracle Corporation"/>
    <property name="java.specification.name" value="Java Platform API Specification"/>
    <property name="surefire.real.class.path" value="/Users/sullivan/Desktop/atelier-api-sse/target/surefire/surefirebooter-20250812070621938_3.jar"/>
    <property name="sun.management.compiler" value="HotSpot 64-Bit Tiered Compilers"/>
    <property name="ftp.nonProxyHosts" value="local|*.local|169.254/16|*.169.254/16"/>
    <property name="java.runtime.version" value="17.0.16+8"/>
    <property name="user.name" value="sullivan"/>
    <property name="path.separator" value=":"/>
    <property name="os.version" value="14.4"/>
    <property name="java.runtime.name" value="OpenJDK Runtime Environment"/>
    <property name="file.encoding" value="UTF-8"/>
    <property name="java.vm.name" value="OpenJDK 64-Bit Server VM"/>
    <property name="java.vendor.version" value="Temurin-17.0.16+8"/>
    <property name="localRepository" value="/Users/sullivan/.m2/repository"/>
    <property name="java.vendor.url.bug" value="https://github.com/adoptium/adoptium-support/issues"/>
    <property name="java.io.tmpdir" value="/var/folders/s8/49_07cts6jsg6z40rp_x4xlr0000gn/T/"/>
    <property name="java.version" value="17.0.16"/>
    <property name="user.dir" value="/Users/sullivan/Desktop/atelier-api-sse"/>
    <property name="os.arch" value="aarch64"/>
    <property name="java.vm.specification.name" value="Java Virtual Machine Specification"/>
    <property name="native.encoding" value="UTF-8"/>
    <property name="java.library.path" value="/Users/sullivan/Library/Java/Extensions:/Library/Java/Extensions:/Network/Library/Java/Extensions:/System/Library/Java/Extensions:/usr/lib/java:."/>
    <property name="java.vm.info" value="mixed mode, sharing"/>
    <property name="java.vendor" value="Eclipse Adoptium"/>
    <property name="java.vm.version" value="17.0.16+8"/>
    <property name="java.specification.maintenance.version" value="1"/>
    <property name="sun.io.unicode.encoding" value="UnicodeBig"/>
    <property name="socksNonProxyHosts" value="local|*.local|169.254/16|*.169.254/16"/>
    <property name="java.class.version" value="61.0"/>
  </properties>
  <testcase name="testGetPlayerById_found" classname="com.example.atelier_api_sullivan_sextius.service.PlayerServiceTest" time="0.414"/>
  <testcase name="testGetTopCountryByWinRatio" classname="com.example.atelier_api_sullivan_sextius.service.PlayerServiceTest" time="0.005"/>
  <testcase name="testCalculateMedianHeight_throwsException_whenPlayersEmpty" classname="com.example.atelier_api_sullivan_sextius.service.PlayerServiceTest" time="0.002"/>
  <testcase name="testGetAllPlayers" classname="com.example.atelier_api_sullivan_sextius.service.PlayerServiceTest" time="0.001"/>
  <testcase name="testGetTopCountryByWinRatio_throwsException_whenPlayersIsEmpty" classname="com.example.atelier_api_sullivan_sextius.service.PlayerServiceTest" time="0.001"/>
  <testcase name="testGetPlayersSortedByRankNotData" classname="com.example.atelier_api_sullivan_sextius.service.PlayerServiceTest" time="0.001"/>
  <testcase name="testGetAllPlayersNotFound" classname="com.example.atelier_api_sullivan_sextius.service.PlayerServiceTest" time="0.001"/>
  <testcase name="testGetStatistics_success" classname="com.example.atelier_api_sullivan_sextius.service.PlayerServiceTest" time="0.005"/>
  <testcase name="testCalculateAverageBmi_throwsException_whenPlayersIsEmpty" classname="com.example.atelier_api_sullivan_sextius.service.PlayerServiceTest" time="0.001"/>
  <testcase name="testGetPlayersSortedByRank" classname="com.example.atelier_api_sullivan_sextius.service.PlayerServiceTest" time="0.001"/>
  <testcase name="testDeletePlayer_cannotBeNull" classname="com.example.atelier_api_sullivan_sextius.service.PlayerServiceTest" time="0.001"/>
  <testcase name="testAddPlayer_missingFieldsCountry_shouldThrow" classname="com.example.atelier_api_sullivan_sextius.service.PlayerServiceTest" time="0.001"/>
  <testcase name="testCalculateAverageBmi_returnsZeroIfNoValidData" classname="com.example.atelier_api_sullivan_sextius.service.PlayerServiceTest" time="0.001"/>
  <testcase name="testDeletePlayer_successfulDeletion_returnsTrue" classname="com.example.atelier_api_sullivan_sextius.service.PlayerServiceTest" time="0.001"/>
  <testcase name="testGetPlayerById_notFound" classname="com.example.atelier_api_sullivan_sextius.service.PlayerServiceTest" time="0.001"/>
  <testcase name="testCalculateAverageBmi_success" classname="com.example.atelier_api_sullivan_sextius.service.PlayerServiceTest" time="0.001"/>
  <testcase name="testCalculateMedianHeight_success_evenNumberOfPlayers" classname="com.example.atelier_api_sullivan_sextius.service.PlayerServiceTest" time="0.0"/>
  <testcase name="testGetTopCountryByWinRatio_throwsException_whenPlayersIsNull" classname="com.example.atelier_api_sullivan_sextius.service.PlayerServiceTest" time="0.0"/>
  <testcase name="testCalculateMedianHeight_returnsZero_whenNoValidData" classname="com.example.atelier_api_sullivan_sextius.service.PlayerServiceTest" time="0.0"/>
  <testcase name="testCalculateMedianHeight_throwsException_whenPlayersNull" classname="com.example.atelier_api_sullivan_sextius.service.PlayerServiceTest" time="0.001"/>
  <testcase name="testCalculateMedianHeight_success_oddNumberOfPlayers" classname="com.example.atelier_api_sullivan_sextius.service.PlayerServiceTest" time="0.001"/>
  <testcase name="testCalculateAverageBmi_throwsException_whenPlayersIsNull" classname="com.example.atelier_api_sullivan_sextius.service.PlayerServiceTest" time="0.001"/>
  <testcase name="testCalculateAverageBmi_handlesZeroHeightGracefully" classname="com.example.atelier_api_sullivan_sextius.service.PlayerServiceTest" time="0.0"/>
  <testcase name="testGetStatistics_returnsZeroValues_whenAllDataInvalid" classname="com.example.atelier_api_sullivan_sextius.service.PlayerServiceTest" time="0.001"/>
  <testcase name="testAddPlayer_missingFields_shouldThrow" classname="com.example.atelier_api_sullivan_sextius.service.PlayerServiceTest" time="0.001"/>
  <testcase name="testGetStatistics_throwsException_whenPlayersIsNull" classname="com.example.atelier_api_sullivan_sextius.service.PlayerServiceTest" time="0.001"/>
  <testcase name="testGetTopCountryByWinRatio_throwsException_whenNoValidCountryFound" classname="com.example.atelier_api_sullivan_sextius.service.PlayerServiceTest" time="0.001"/>
  <testcase name="testGetStatistics_throwsException_whenPlayersIsEmpty" classname="com.example.atelier_api_sullivan_sextius.service.PlayerServiceTest" time="0.0"/>
  <testcase name="testAddPlayer_success" classname="com.example.atelier_api_sullivan_sextius.service.PlayerServiceTest" time="0.001"/>
  <testcase name="testPatchPlayer_shouldUpdateNamesOnly" classname="com.example.atelier_api_sullivan_sextius.service.PlayerServiceTest" time="0.001"/>
</testsuite>